 ---------------------------------------------------------------------------------------------------------------------------------- 
|                                             Memory report for: 05/23/2012 15:02:58                                               |
 ---------------------------------------------------------------------------------------------------------------------------------- 


 ---------------------------------------------------------------------------------------------------------------------------------- 
|                                                           T O T A L S                                                            |
 ---------------------------------------------------------------------------------------------------------------------------------- 
              Allocation unit count:          0
            Reported to application:          0 bytes     
         Actual total memory in use:          0 bytes     
           Memory tracking overhead:          0 bytes     

 ---------------------------------------------------------------------------------------------------------------------------------- 
|                                                            P E A K S                                                             |
 ---------------------------------------------------------------------------------------------------------------------------------- 
              Allocation unit count:          0
            Reported to application:          0 bytes     
                             Actual:          0 bytes     
           Memory tracking overhead:          0 bytes     

 ---------------------------------------------------------------------------------------------------------------------------------- 
|                                                      A C C U M U L A T E D                                                       |
 ---------------------------------------------------------------------------------------------------------------------------------- 
              Allocation unit count:          0 bytes     
            Reported to application:          0 bytes     
                             Actual:          0 bytes     

 ---------------------------------------------------------------------------------------------------------------------------------- 
|                                                           U N U S E D                                                            |
 ---------------------------------------------------------------------------------------------------------------------------------- 
    Memory allocated but not in use:          0 bytes     

Alloc.   Addr       Size       Addr       Size                        BreakOn BreakOn              
Number Reported   Reported    Actual     Actual     Unused    Method  Dealloc Realloc Allocated by 
------ ---------- ---------- ---------- ---------- ---------- -------- ------- ------- --------------------------------------------------- 
